#
# A fatal error has been detected by the Java Runtime Environment:
#
#  EXCEPTION_ACCESS_VIOLATION (0xc0000005) at pc=0x00007ffe67139def, pid=9316, tid=10184
#
# JRE version: Java(TM) SE Runtime Environment (19.0.1+10) (build 19.0.1+10-21)
# Java VM: Java HotSpot(TM) 64-Bit Server VM (19.0.1+10-21, mixed mode, sharing, tiered, compressed oops, compressed class ptrs, g1 gc, windows-amd64)
# Problematic frame:
# V  [jvm.dll+0x359def]
#
# No core dump will be written. Minidumps are not enabled by default on client versions of Windows
#
# If you would like to submit a bug report, please visit:
#   https://bugreport.java.com/bugreport/crash.jsp
#

---------------  S U M M A R Y ------------

Command Line: com.portfolio.gabriel.piumetto.GabrielPiumettoApplication

Host: Intel(R) Pentium(R) CPU B940 @ 2.00GHz, 2 cores, 4G,  Windows 10 , 64 bit Build 19041 (10.0.19041.546)
Time: Sun Dec 25 00:22:36 2022 Hora universal coordinada elapsed time: 7474.433642 seconds (0d 2h 4m 34s)

---------------  T H R E A D  ---------------

Current thread (0x00000192673a0c30):  WorkerThread "GC Thread#1" [stack: 0x0000003322d00000,0x0000003322e00000] [id=10184]

Stack: [0x0000003322d00000,0x0000003322e00000],  sp=0x0000003322dffb00,  free space=1022k
Native frames: (J=compiled Java code, j=interpreted, Vv=VM code, C=native code)
V  [jvm.dll+0x359def]
V  [jvm.dll+0x373a86]
V  [jvm.dll+0x37419a]
V  [jvm.dll+0x374297]
V  [jvm.dll+0x37517b]
V  [jvm.dll+0x8839c7]
V  [jvm.dll+0x8015fa]
V  [jvm.dll+0x6ed5eb]
C  [ucrtbase.dll+0x214c2]
C  [KERNEL32.DLL+0x17034]
C  [ntdll.dll+0x4cec1]


siginfo: EXCEPTION_ACCESS_VIOLATION (0xc0000005), reading address 0x0000000000200000


Registers:
RAX=0x0000000000000000, RBX=0x0000019268816f60, RCX=0x0000000000000014, RDX=0x0000000000000000
RSP=0x0000003322dffb00, RBP=0x0000003322dffb90, RSI=0x0000019246ea3050, RDI=0x00000000b2430270
R8 =0x000004950000090f, R9 =0x0000003322dffb30, R10=0x0000000000200000, R11=0x0000000000000001
R12=0x00000192673a0720, R13=0x0000000000000002, R14=0x0000000000000068, R15=0x0000019268816f60
RIP=0x00007ffe67139def, EFLAGS=0x0000000000010246


Register to memory mapping:

RIP=0x00007ffe67139def jvm.dll
RAX=0x0 is NULL
RBX=0x0000019268816f60 points into unknown readable memory: 0x00007ffe677760b0 | b0 60 77 67 fe 7f 00 00
RCX=0x0000000000000014 is an unknown value
RDX=0x0 is NULL
RSP=0x0000003322dffb00 points into unknown readable memory: 0x0000019268816f60 | 60 6f 81 68 92 01 00 00
RBP=0x0000003322dffb90 points into unknown readable memory: 0x0000019262cb8590 | 90 85 cb 62 92 01 00 00
RSI=0x0000019246ea3050 points into unknown readable memory: 0x00007ffe6776f510 | 10 f5 76 67 fe 7f 00 00
RDI=0x00000000b2430270 is pointing into object: [Ljava.util.concurrent.ConcurrentHashMap$Node; 
{0x00000000b242ea78} - klass: 'java/util/concurrent/ConcurrentHashMap$Node'[]
 - length: 2048
R8 =0x000004950000090f is an unknown value
R9 =0x0000003322dffb30 points into unknown readable memory: 0x00000000b2430271 | 71 02 43 b2 00 00 00 00
R10=0x0000000000200000 is an unknown value
R11=0x0000000000000001 is an unknown value
R12=0x00000192673a0720 points into unknown readable memory: 0x00000192673e1b60 | 60 1b 3e 67 92 01 00 00
R13=0x0000000000000002 is an unknown value
R14=0x0000000000000068 is an unknown value
R15=0x0000019268816f60 points into unknown readable memory: 0x00007ffe677760b0 | b0 60 77 67 fe 7f 00 00


Top of Stack: (sp=0x0000003322dffb00)
0x0000003322dffb00:   0000019268816f60 0000003322dffb90
0x0000003322dffb10:   0000019246ea3050 0000000000000020
0x0000003322dffb20:   0000003322dffc00 00007ffe67153a86
0x0000003322dffb30:   00000000b2430271 0000000000000000
0x0000003322dffb40:   0000000000000000 00007ffe6712d5da
0x0000003322dffb50:   00000033220ff080 00007ffe674c7f5f
0x0000003322dffb60:   0000000000000000 0000000000000000
0x0000003322dffb70:   0000000000000000 0000000000000000
0x0000003322dffb80:   00000192673724d0 00007ffe675f0537
0x0000003322dffb90:   0000019262cb8590 00000192673724d0
0x0000003322dffba0:   00000000000003d8 0000019262cb8968
0x0000003322dffbb0:   0000000000000000 00007ffe6715419a
0x0000003322dffbc0:   0000019268816f60 0000019268816f60
0x0000003322dffbd0:   0000000000000013 00000033220ff080
0x0000003322dffbe0:   0000019268816f60 0000019246eb1fa0
0x0000003322dffbf0:   00000011599e5b87 00000d8624399568 

Instructions: (pc=0x00007ffe67139def)
0x00007ffe67139cef:   a3 d6 ff 48 8b c8 48 85 c0 74 41 48 8b 43 10 4c
0x00007ffe67139cff:   8b 43 08 48 8b 13 4c 69 ce 48 01 00 00 4c 03 48
0x00007ffe67139d0f:   08 48 8b 43 40 48 89 44 24 40 48 8b 43 30 48 89
0x00007ffe67139d1f:   44 24 38 48 8b 43 28 48 89 44 24 30 8b 43 38 89
0x00007ffe67139d2f:   44 24 28 89 7c 24 20 e8 c5 eb ff ff 48 8b 4b 18
0x00007ffe67139d3f:   48 89 04 f9 48 8b 43 18 48 8b 04 f8 48 8b 5c 24
0x00007ffe67139d4f:   60 48 8b 74 24 68 48 83 c4 50 5f c3 cc cc cc cc
0x00007ffe67139d5f:   cc 48 89 5c 24 18 56 48 83 ec 20 48 8b f2 48 c7
0x00007ffe67139d6f:   44 24 30 00 00 00 00 8b 91 a8 01 00 00 4c 8d 44
0x00007ffe67139d7f:   24 30 48 8b d9 48 8b ce e8 94 06 fe ff 84 c0 0f
0x00007ffe67139d8f:   84 e0 01 00 00 48 89 7c 24 38 0f 1f 80 00 00 00
0x00007ffe67139d9f:   00 48 8b 54 24 30 f6 c2 01 0f 84 a8 00 00 00 8b
0x00007ffe67139daf:   0d bc aa 7f 00 48 8d 7a ff 48 8b 43 08 44 8b 17
0x00007ffe67139dbf:   49 d3 e2 4c 03 15 9f aa 7f 00 8b 88 20 06 00 00
0x00007ffe67139dcf:   49 8b d2 48 8b 80 10 06 00 00 48 d3 ea 0f b7 14
0x00007ffe67139ddf:   50 0f b7 c2 66 c1 e8 08 84 c0 0f 88 5b 01 00 00
0x00007ffe67139def:   4d 8b 02 41 0f b6 c0 24 03 3c 03 75 06 49 83 e0
0x00007ffe67139dff:   fc eb 11 4d 8b c8 48 8b cb 4d 8b c2 e8 c0 f2 ff
0x00007ffe67139e0f:   ff 4c 8b c0 8b 0d 57 aa 7f 00 49 8b d0 48 2b 15
0x00007ffe67139e1f:   45 aa 7f 00 48 d3 ea 89 17 48 8b d7 8b 0d 6f ef
0x00007ffe67139e2f:   87 00 49 33 d0 48 d3 ea 48 85 d2 0f 84 0a 01 00
0x00007ffe67139e3f:   00 48 8b 43 08 8b 88 20 06 00 00 4c 8b 88 10 06
0x00007ffe67139e4f:   00 00 e9 87 00 00 00 f6 c2 03 0f 85 df 00 00 00
0x00007ffe67139e5f:   4c 8b 12 48 8b 43 08 49 8b d2 8b 88 20 06 00 00
0x00007ffe67139e6f:   48 8b 80 10 06 00 00 48 d3 ea 0f b7 14 50 0f b7
0x00007ffe67139e7f:   c2 66 c1 e8 08 84 c0 0f 88 be 00 00 00 4d 8b 02
0x00007ffe67139e8f:   41 0f b6 c0 24 03 3c 03 75 06 49 83 e0 fc eb 11
0x00007ffe67139e9f:   4d 8b c8 48 8b cb 4d 8b c2 e8 23 f2 ff ff 4c 8b
0x00007ffe67139eaf:   c0 48 8b 7c 24 30 49 8b d0 48 33 d7 4c 89 07 8b
0x00007ffe67139ebf:   0d dc ee 87 00 48 d3 ea 48 85 d2 74 7e 48 8b 53
0x00007ffe67139ecf:   08 8b 8a 20 06 00 00 4c 8b 8a 10 06 00 00 48 8b
0x00007ffe67139edf:   c7 48 d3 e8 41 0f b7 14 41 66 c1 ea 08 80 fa fe 


Stack slot to memory mapping:
stack at sp + 0 slots: 0x0000019268816f60 points into unknown readable memory: 0x00007ffe677760b0 | b0 60 77 67 fe 7f 00 00
stack at sp + 1 slots: 0x0000003322dffb90 points into unknown readable memory: 0x0000019262cb8590 | 90 85 cb 62 92 01 00 00
stack at sp + 2 slots: 0x0000019246ea3050 points into unknown readable memory: 0x00007ffe6776f510 | 10 f5 76 67 fe 7f 00 00
stack at sp + 3 slots: 0x0000000000000020 is an unknown value
stack at sp + 4 slots: 0x0000003322dffc00 points into unknown readable memory: 0x00007ffe67778a98 | 98 8a 77 67 fe 7f 00 00
stack at sp + 5 slots: 0x00007ffe67153a86 jvm.dll
stack at sp + 6 slots: 0x00000000b2430271 is pointing into object: [Ljava.util.concurrent.ConcurrentHashMap$Node; 
{0x00000000b242ea78} - klass: 'java/util/concurrent/ConcurrentHashMap$Node'[]
 - length: 2048
stack at sp + 7 slots: 0x0 is NULL


---------------  P R O C E S S  ---------------

Threads class SMR info:
_java_thread_list=0x00000192697af820, length=31, elements={
0x0000019262ca1c50, 0x0000019262ca2be0, 0x0000019262ca64e0, 0x0000019262ca7e20,
0x0000019262caaf00, 0x0000019262cab970, 0x0000019262cac850, 0x0000019262cae5f0,
0x0000019262caf9e0, 0x0000019267086170, 0x000001926708d1b0, 0x00000192684cda00,
0x0000019268315b10, 0x0000019269880f10, 0x00000192698819b0, 0x0000019269881460,
0x0000019269885970, 0x0000019269885ec0, 0x000001926987ff20, 0x000001926987f9d0,
0x0000019269884430, 0x0000019269886410, 0x000001926987f480, 0x0000019269880470,
0x00000192698809c0, 0x0000019269881f00, 0x0000019269883440, 0x00000192698829a0,
0x0000019269882ef0, 0x0000019269883990, 0x0000019269883ee0
}

Java Threads: ( => current thread )
  0x0000019262ca1c50 JavaThread "Reference Handler" daemon [_thread_blocked, id=3176, stack(0x0000003322100000,0x0000003322200000)]
  0x0000019262ca2be0 JavaThread "Finalizer" daemon [_thread_blocked, id=6284, stack(0x0000003322200000,0x0000003322300000)]
  0x0000019262ca64e0 JavaThread "Signal Dispatcher" daemon [_thread_blocked, id=7468, stack(0x0000003322300000,0x0000003322400000)]
  0x0000019262ca7e20 JavaThread "Attach Listener" daemon [_thread_blocked, id=7048, stack(0x0000003322400000,0x0000003322500000)]
  0x0000019262caaf00 JavaThread "Service Thread" daemon [_thread_blocked, id=6852, stack(0x0000003322500000,0x0000003322600000)]
  0x0000019262cab970 JavaThread "Monitor Deflation Thread" daemon [_thread_blocked, id=10076, stack(0x0000003322600000,0x0000003322700000)]
  0x0000019262cac850 JavaThread "C2 CompilerThread0" daemon [_thread_blocked, id=7280, stack(0x0000003322700000,0x0000003322800000)]
  0x0000019262cae5f0 JavaThread "C1 CompilerThread0" daemon [_thread_blocked, id=5612, stack(0x0000003322800000,0x0000003322900000)]
  0x0000019262caf9e0 JavaThread "Sweeper thread" daemon [_thread_blocked, id=6900, stack(0x0000003322900000,0x0000003322a00000)]
  0x0000019267086170 JavaThread "Notification Thread" daemon [_thread_blocked, id=9980, stack(0x0000003322a00000,0x0000003322b00000)]
  0x000001926708d1b0 JavaThread "Common-Cleaner" daemon [_thread_blocked, id=9388, stack(0x0000003322c00000,0x0000003322d00000)]
  0x00000192684cda00 JavaThread "mysql-cj-abandoned-connection-cleanup" daemon [_thread_blocked, id=9884, stack(0x0000003323000000,0x0000003323100000)]
  0x0000019268315b10 JavaThread "Live Reload Server" daemon [_thread_in_native, id=8928, stack(0x0000003323900000,0x0000003323a00000)]
  0x0000019269880f10 JavaThread "DestroyJavaVM" [_thread_blocked, id=10060, stack(0x0000003321a00000,0x0000003321b00000)]
  0x00000192698819b0 JavaThread "HikariPool-5 housekeeper" daemon [_thread_blocked, id=1720, stack(0x0000003321900000,0x0000003321a00000)]
  0x0000019269881460 JavaThread "Catalina-utility-1" [_thread_blocked, id=2432, stack(0x0000003323200000,0x0000003323300000)]
  0x0000019269885970 JavaThread "Catalina-utility-2" [_thread_blocked, id=7320, stack(0x0000003323300000,0x0000003323400000)]
  0x0000019269885ec0 JavaThread "container-0" [_thread_blocked, id=9176, stack(0x0000003323400000,0x0000003323500000)]
  0x000001926987ff20 JavaThread "File Watcher" daemon [_thread_blocked, id=1840, stack(0x0000003323500000,0x0000003323600000)]
  0x000001926987f9d0 JavaThread "http-nio-8080-exec-1" daemon [_thread_blocked, id=3392, stack(0x0000003323800000,0x0000003323900000)]
  0x0000019269884430 JavaThread "http-nio-8080-exec-2" daemon [_thread_blocked, id=4840, stack(0x0000003323a00000,0x0000003323b00000)]
  0x0000019269886410 JavaThread "http-nio-8080-exec-3" daemon [_thread_blocked, id=4548, stack(0x0000003323b00000,0x0000003323c00000)]
  0x000001926987f480 JavaThread "http-nio-8080-exec-4" daemon [_thread_blocked, id=3536, stack(0x0000003323c00000,0x0000003323d00000)]
  0x0000019269880470 JavaThread "http-nio-8080-exec-5" daemon [_thread_blocked, id=3344, stack(0x0000003323d00000,0x0000003323e00000)]
  0x00000192698809c0 JavaThread "http-nio-8080-exec-6" daemon [_thread_blocked, id=4432, stack(0x0000003323e00000,0x0000003323f00000)]
  0x0000019269881f00 JavaThread "http-nio-8080-exec-7" daemon [_thread_blocked, id=10084, stack(0x0000003323f00000,0x0000003324000000)]
  0x0000019269883440 JavaThread "http-nio-8080-exec-8" daemon [_thread_blocked, id=5860, stack(0x0000003324000000,0x0000003324100000)]
  0x00000192698829a0 JavaThread "http-nio-8080-exec-9" daemon [_thread_blocked, id=9904, stack(0x0000003324100000,0x0000003324200000)]
  0x0000019269882ef0 JavaThread "http-nio-8080-exec-10" daemon [_thread_blocked, id=10196, stack(0x0000003324200000,0x0000003324300000)]
  0x0000019269883990 JavaThread "http-nio-8080-Poller" daemon [_thread_blocked, id=10012, stack(0x0000003324300000,0x0000003324400000)]
  0x0000019269883ee0 JavaThread "http-nio-8080-Acceptor" daemon [_thread_in_native, id=10112, stack(0x0000003324400000,0x0000003324500000)]

Other Threads:
  0x0000019262c8df60 VMThread "VM Thread" [stack: 0x0000003322000000,0x0000003322100000] [id=3004]
  0x000001926708caf0 WatcherThread "VM Periodic Task Thread" [stack: 0x0000003322b00000,0x0000003322c00000] [id=8256]
  0x0000019246eed170 WorkerThread "GC Thread#0" [stack: 0x0000003321b00000,0x0000003321c00000] [id=2012]
=>0x00000192673a0c30 WorkerThread "GC Thread#1" [stack: 0x0000003322d00000,0x0000003322e00000] [id=10184]
  0x0000019246ef7d90 ConcurrentGCThread "G1 Main Marker" [stack: 0x0000003321c00000,0x0000003321d00000] [id=600]
  0x0000019246ef9d70 WorkerThread "G1 Conc#0" [stack: 0x0000003321d00000,0x0000003321e00000] [id=8332]
  0x0000019246f5ca80 ConcurrentGCThread "G1 Refine#0" [stack: 0x0000003321e00000,0x0000003321f00000] [id=7616]
  0x0000019246f5d5c0 ConcurrentGCThread "G1 Service" [stack: 0x0000003321f00000,0x0000003322000000] [id=6728]

Threads with active compile tasks:

VM state: at safepoint (normal execution)

VM Mutex/Monitor currently owned by a thread:  ([mutex/lock_event])
[0x0000019246e9f080] Threads_lock - owner thread: 0x0000019262c8df60
[0x0000019246ea0af0] Heap_lock - owner thread: 0x00000192684cda00

Heap address: 0x00000000b1a00000, size: 1254 MB, Compressed Oops mode: 32-bit

CDS archive(s) mapped at: [0x0000000800000000-0x0000000800c40000-0x0000000800c40000), size 12845056, SharedBaseAddress: 0x0000000800000000, ArchiveRelocationMode: 0.
Compressed class space mapped at: 0x0000000801000000-0x0000000841000000, reserved size: 1073741824
Narrow klass base: 0x0000000800000000, Narrow klass shift: 0, Narrow klass range: 0x100000000

GC Precious Log:
 CardTable entry size: 512
 Card Set container configuration: InlinePtr #cards 5 size 8 Array Of Cards #cards 12 size 40 Howl #buckets 4 coarsen threshold 1843 Howl Bitmap #cards 512 size 80 coarsen threshold 460 Card regions per heap region 1 cards per card region 2048
 CPUs: 2 total, 2 available
 Memory: 5008M
 Large Page Support: Disabled
 NUMA Support: Disabled
 Compressed Oops: Enabled (32-bit)
 Heap Region Size: 1M
 Heap Min Capacity: 8M
 Heap Initial Capacity: 80M
 Heap Max Capacity: 1254M
 Pre-touch: Disabled
 Parallel Workers: 2
 Concurrent Workers: 1
 Concurrent Refinement Workers: 2
 Periodic GC: Disabled

Heap:
 garbage-first heap   total 86016K, used 72231K [0x00000000b1a00000, 0x0000000100000000)
  region size 1024K, 41 young (41984K), 3 survivors (3072K)
 Metaspace       used 68252K, committed 68864K, reserved 1114112K
  class space    used 8532K, committed 8832K, reserved 1048576K

Heap Regions: E=young(eden), S=young(survivor), O=old, HS=humongous(starts), HC=humongous(continues), CS=collection set, F=free, OA=open archive, CA=closed archive, TAMS=top-at-mark-start (previous, next)
|   0|0x00000000b1a00000, 0x00000000b1b00000, 0x00000000b1b00000|100%|HS|  |TAMS 0x00000000b1b00000, 0x00000000b1a00000| Untracked 
|   1|0x00000000b1b00000, 0x00000000b1bfffe0, 0x00000000b1c00000| 99%| O|  |TAMS 0x00000000b1bfffe0, 0x00000000b1b00000| Untracked 
|   2|0x00000000b1c00000, 0x00000000b1d00000, 0x00000000b1d00000|100%| O|  |TAMS 0x00000000b1d00000, 0x00000000b1c00000| Untracked 
|   3|0x00000000b1d00000, 0x00000000b1e00000, 0x00000000b1e00000|100%| O|  |TAMS 0x00000000b1e00000, 0x00000000b1d00000| Untracked 
|   4|0x00000000b1e00000, 0x00000000b1f00000, 0x00000000b1f00000|100%| O|  |TAMS 0x00000000b1f00000, 0x00000000b1e00000| Untracked 
|   5|0x00000000b1f00000, 0x00000000b2000000, 0x00000000b2000000|100%| O|  |TAMS 0x00000000b2000000, 0x00000000b1f00000| Untracked 
|   6|0x00000000b2000000, 0x00000000b2100000, 0x00000000b2100000|100%| O|  |TAMS 0x00000000b2100000, 0x00000000b2000000| Untracked 
|   7|0x00000000b2100000, 0x00000000b21ffff0, 0x00000000b2200000| 99%| O|  |TAMS 0x00000000b21ffff0, 0x00000000b2100000| Untracked 
|   8|0x00000000b2200000, 0x00000000b2300000, 0x00000000b2300000|100%| O|  |TAMS 0x00000000b2300000, 0x00000000b2200000| Untracked 
|   9|0x00000000b2300000, 0x00000000b23ffff8, 0x00000000b2400000| 99%| O|  |TAMS 0x00000000b23ffff8, 0x00000000b2300000| Untracked 
|  10|0x00000000b2400000, 0x00000000b2500000, 0x00000000b2500000|100%| O|  |TAMS 0x00000000b2500000, 0x00000000b2400000| Untracked 
|  11|0x00000000b2500000, 0x00000000b2600000, 0x00000000b2600000|100%| O|  |TAMS 0x00000000b2600000, 0x00000000b2500000| Untracked 
|  12|0x00000000b2600000, 0x00000000b26fffe8, 0x00000000b2700000| 99%| O|  |TAMS 0x00000000b26fffe8, 0x00000000b2600000| Untracked 
|  13|0x00000000b2700000, 0x00000000b27ffff0, 0x00000000b2800000| 99%| O|  |TAMS 0x00000000b27ffff0, 0x00000000b2700000| Untracked 
|  14|0x00000000b2800000, 0x00000000b28fffa0, 0x00000000b2900000| 99%| O|  |TAMS 0x00000000b28fffa0, 0x00000000b2800000| Untracked 
|  15|0x00000000b2900000, 0x00000000b29ffff8, 0x00000000b2a00000| 99%| O|  |TAMS 0x00000000b29ffff8, 0x00000000b2900000| Untracked 
|  16|0x00000000b2a00000, 0x00000000b2affff8, 0x00000000b2b00000| 99%| O|  |TAMS 0x00000000b2affff8, 0x00000000b2a00000| Untracked 
|  17|0x00000000b2b00000, 0x00000000b2bfffc0, 0x00000000b2c00000| 99%| O|  |TAMS 0x00000000b2bfffc0, 0x00000000b2b00000| Untracked 
|  18|0x00000000b2c00000, 0x00000000b2cffff0, 0x00000000b2d00000| 99%| O|  |TAMS 0x00000000b2cffff0, 0x00000000b2c00000| Untracked 
|  19|0x00000000b2d00000, 0x00000000b2dfffe0, 0x00000000b2e00000| 99%| O|  |TAMS 0x00000000b2dfffe0, 0x00000000b2d00000| Untracked 
|  20|0x00000000b2e00000, 0x00000000b2efffb8, 0x00000000b2f00000| 99%| O|  |TAMS 0x00000000b2efffb8, 0x00000000b2e00000| Untracked 
|  21|0x00000000b2f00000, 0x00000000b2fffff8, 0x00000000b3000000| 99%| O|  |TAMS 0x00000000b2f00000, 0x00000000b2f00000| Untracked 
|  22|0x00000000b3000000, 0x00000000b30ffc28, 0x00000000b3100000| 99%| O|  |TAMS 0x00000000b3000000, 0x00000000b3000000| Untracked 
|  23|0x00000000b3100000, 0x00000000b31fffd0, 0x00000000b3200000| 99%| O|  |TAMS 0x00000000b3100000, 0x00000000b3100000| Untracked 
|  24|0x00000000b3200000, 0x00000000b32a8ae8, 0x00000000b3300000| 65%| O|  |TAMS 0x00000000b3200000, 0x00000000b3200000| Untracked 
|  25|0x00000000b3300000, 0x00000000b3375098, 0x00000000b3400000| 45%| O|  |TAMS 0x00000000b3300000, 0x00000000b3300000| Untracked 
|  26|0x00000000b3400000, 0x00000000b3500000, 0x00000000b3500000|100%| O|  |TAMS 0x00000000b3400000, 0x00000000b3400000| Untracked 
|  27|0x00000000b3500000, 0x00000000b3600000, 0x00000000b3600000|100%| O|  |TAMS 0x00000000b3500000, 0x00000000b3500000| Untracked 
|  28|0x00000000b3600000, 0x00000000b3700000, 0x00000000b3700000|100%| O|  |TAMS 0x00000000b3600000, 0x00000000b3600000| Untracked 
|  29|0x00000000b3700000, 0x00000000b3800000, 0x00000000b3800000|100%| O|  |TAMS 0x00000000b3700000, 0x00000000b3700000| Untracked 
|  30|0x00000000b3800000, 0x00000000b3900000, 0x00000000b3900000|100%| O|  |TAMS 0x00000000b3800000, 0x00000000b3800000| Untracked 
|  31|0x00000000b3900000, 0x00000000b3900000, 0x00000000b3a00000|  0%| F|  |TAMS 0x00000000b3900000, 0x00000000b3900000| Untracked 
|  32|0x00000000b3a00000, 0x00000000b3a00000, 0x00000000b3b00000|  0%| F|  |TAMS 0x00000000b3a00000, 0x00000000b3a00000| Untracked 
|  33|0x00000000b3b00000, 0x00000000b3b00000, 0x00000000b3c00000|  0%| F|  |TAMS 0x00000000b3b00000, 0x00000000b3b00000| Untracked 
|  34|0x00000000b3c00000, 0x00000000b3c00000, 0x00000000b3d00000|  0%| F|  |TAMS 0x00000000b3c00000, 0x00000000b3c00000| Untracked 
|  35|0x00000000b3d00000, 0x00000000b3d00000, 0x00000000b3e00000|  0%| F|  |TAMS 0x00000000b3d00000, 0x00000000b3d00000| Untracked 
|  36|0x00000000b3e00000, 0x00000000b3e00000, 0x00000000b3f00000|  0%| F|  |TAMS 0x00000000b3e00000, 0x00000000b3e00000| Untracked 
|  37|0x00000000b3f00000, 0x00000000b3f00000, 0x00000000b4000000|  0%| F|  |TAMS 0x00000000b3f00000, 0x00000000b3f00000| Untracked 
|  38|0x00000000b4000000, 0x00000000b4000000, 0x00000000b4100000|  0%| F|  |TAMS 0x00000000b4000000, 0x00000000b4000000| Untracked 
|  39|0x00000000b4100000, 0x00000000b4100000, 0x00000000b4200000|  0%| F|  |TAMS 0x00000000b4100000, 0x00000000b4100000| Untracked 
|  40|0x00000000b4200000, 0x00000000b426c760, 0x00000000b4300000| 42%| E|CS|TAMS 0x00000000b4200000, 0x00000000b4200000| Complete 
|  41|0x00000000b4300000, 0x00000000b4400000, 0x00000000b4400000|100%| E|CS|TAMS 0x00000000b4300000, 0x00000000b4300000| Complete 
|  42|0x00000000b4400000, 0x00000000b4438868, 0x00000000b4500000| 22%| S|  |TAMS 0x00000000b4400000, 0x00000000b4400000| Complete 
|  43|0x00000000b4500000, 0x00000000b4600000, 0x00000000b4600000|100%| S|  |TAMS 0x00000000b4500000, 0x00000000b4500000| Complete 
|  44|0x00000000b4600000, 0x00000000b4700000, 0x00000000b4700000|100%| S|  |TAMS 0x00000000b4600000, 0x00000000b4600000| Complete 
|  45|0x00000000b4700000, 0x00000000b4800000, 0x00000000b4800000|100%| E|CS|TAMS 0x00000000b4700000, 0x00000000b4700000| Complete 
|  46|0x00000000b4800000, 0x00000000b4900000, 0x00000000b4900000|100%| E|CS|TAMS 0x00000000b4800000, 0x00000000b4800000| Complete 
|  47|0x00000000b4900000, 0x00000000b4a00000, 0x00000000b4a00000|100%| E|CS|TAMS 0x00000000b4900000, 0x00000000b4900000| Complete 
|  48|0x00000000b4a00000, 0x00000000b4b00000, 0x00000000b4b00000|100%| E|CS|TAMS 0x00000000b4a00000, 0x00000000b4a00000| Complete 
|  49|0x00000000b4b00000, 0x00000000b4c00000, 0x00000000b4c00000|100%| E|CS|TAMS 0x00000000b4b00000, 0x00000000b4b00000| Complete 
|  50|0x00000000b4c00000, 0x00000000b4d00000, 0x00000000b4d00000|100%| E|CS|TAMS 0x00000000b4c00000, 0x00000000b4c00000| Complete 
|  51|0x00000000b4d00000, 0x00000000b4e00000, 0x00000000b4e00000|100%| E|CS|TAMS 0x00000000b4d00000, 0x00000000b4d00000| Complete 
|  52|0x00000000b4e00000, 0x00000000b4f00000, 0x00000000b4f00000|100%| E|CS|TAMS 0x00000000b4e00000, 0x00000000b4e00000| Complete 
|  53|0x00000000b4f00000, 0x00000000b5000000, 0x00000000b5000000|100%| E|CS|TAMS 0x00000000b4f00000, 0x00000000b4f00000| Complete 
|  54|0x00000000b5000000, 0x00000000b5100000, 0x00000000b5100000|100%| E|CS|TAMS 0x00000000b5000000, 0x00000000b5000000| Complete 
|  55|0x00000000b5100000, 0x00000000b5200000, 0x00000000b5200000|100%| E|CS|TAMS 0x00000000b5100000, 0x00000000b5100000| Complete 
|  56|0x00000000b5200000, 0x00000000b5300000, 0x00000000b5300000|100%| E|CS|TAMS 0x00000000b5200000, 0x00000000b5200000| Complete 
|  57|0x00000000b5300000, 0x00000000b5400000, 0x00000000b5400000|100%| E|CS|TAMS 0x00000000b5300000, 0x00000000b5300000| Complete 
|  58|0x00000000b5400000, 0x00000000b5500000, 0x00000000b5500000|100%| E|CS|TAMS 0x00000000b5400000, 0x00000000b5400000| Complete 
|  59|0x00000000b5500000, 0x00000000b5600000, 0x00000000b5600000|100%| E|CS|TAMS 0x00000000b5500000, 0x00000000b5500000| Complete 
|  60|0x00000000b5600000, 0x00000000b5700000, 0x00000000b5700000|100%| E|CS|TAMS 0x00000000b5600000, 0x00000000b5600000| Complete 
|  61|0x00000000b5700000, 0x00000000b5800000, 0x00000000b5800000|100%| E|CS|TAMS 0x00000000b5700000, 0x00000000b5700000| Complete 
|  62|0x00000000b5800000, 0x00000000b5900000, 0x00000000b5900000|100%| E|CS|TAMS 0x00000000b5800000, 0x00000000b5800000| Complete 
|  63|0x00000000b5900000, 0x00000000b5a00000, 0x00000000b5a00000|100%| E|CS|TAMS 0x00000000b5900000, 0x00000000b5900000| Complete 
|  64|0x00000000b5a00000, 0x00000000b5b00000, 0x00000000b5b00000|100%| E|CS|TAMS 0x00000000b5a00000, 0x00000000b5a00000| Complete 
|  65|0x00000000b5b00000, 0x00000000b5c00000, 0x00000000b5c00000|100%| E|CS|TAMS 0x00000000b5b00000, 0x00000000b5b00000| Complete 
|  66|0x00000000b5c00000, 0x00000000b5d00000, 0x00000000b5d00000|100%| E|CS|TAMS 0x00000000b5c00000, 0x00000000b5c00000| Complete 
|  67|0x00000000b5d00000, 0x00000000b5e00000, 0x00000000b5e00000|100%| E|CS|TAMS 0x00000000b5d00000, 0x00000000b5d00000| Complete 
|  68|0x00000000b5e00000, 0x00000000b5f00000, 0x00000000b5f00000|100%| E|CS|TAMS 0x00000000b5e00000, 0x00000000b5e00000| Complete 
|  69|0x00000000b5f00000, 0x00000000b6000000, 0x00000000b6000000|100%| E|CS|TAMS 0x00000000b5f00000, 0x00000000b5f00000| Complete 
|  70|0x00000000b6000000, 0x00000000b6100000, 0x00000000b6100000|100%| E|CS|TAMS 0x00000000b6000000, 0x00000000b6000000| Complete 
|  71|0x00000000b6100000, 0x00000000b6200000, 0x00000000b6200000|100%| E|CS|TAMS 0x00000000b6100000, 0x00000000b6100000| Complete 
|  72|0x00000000b6200000, 0x00000000b6300000, 0x00000000b6300000|100%| E|CS|TAMS 0x00000000b6200000, 0x00000000b6200000| Complete 
|  73|0x00000000b6300000, 0x00000000b6400000, 0x00000000b6400000|100%| E|CS|TAMS 0x00000000b6300000, 0x00000000b6300000| Complete 
|  74|0x00000000b6400000, 0x00000000b6500000, 0x00000000b6500000|100%| E|CS|TAMS 0x00000000b6400000, 0x00000000b6400000| Complete 
|  75|0x00000000b6500000, 0x00000000b6600000, 0x00000000b6600000|100%| E|CS|TAMS 0x00000000b6500000, 0x00000000b6500000| Complete 
|  76|0x00000000b6600000, 0x00000000b6700000, 0x00000000b6700000|100%| E|CS|TAMS 0x00000000b6600000, 0x00000000b6600000| Complete 
|  77|0x00000000b6700000, 0x00000000b6800000, 0x00000000b6800000|100%| E|CS|TAMS 0x00000000b6700000, 0x00000000b6700000| Complete 
|  78|0x00000000b6800000, 0x00000000b6900000, 0x00000000b6900000|100%| E|CS|TAMS 0x00000000b6800000, 0x00000000b6800000| Complete 
|  79|0x00000000b6900000, 0x00000000b6a00000, 0x00000000b6a00000|100%| E|CS|TAMS 0x00000000b6900000, 0x00000000b6900000| Complete 
|  80|0x00000000b6a00000, 0x00000000b6b00000, 0x00000000b6b00000|100%| E|CS|TAMS 0x00000000b6a00000, 0x00000000b6a00000| Complete 
|  81|0x00000000b6b00000, 0x00000000b6c00000, 0x00000000b6c00000|100%| E|CS|TAMS 0x00000000b6b00000, 0x00000000b6b00000| Complete 
|  82|0x00000000b6c00000, 0x00000000b6d00000, 0x00000000b6d00000|100%| E|CS|TAMS 0x00000000b6c00000, 0x00000000b6c00000| Complete 
|  83|0x00000000b6d00000, 0x00000000b6e00000, 0x00000000b6e00000|100%| E|CS|TAMS 0x00000000b6d00000, 0x00000000b6d00000| Complete 

Card table byte_map: [0x000001925de10000,0x000001925e090000] _byte_map_base: 0x000001925d883000

Marking Bits (Prev, Next): (CMBitMap*) 0x0000019246eed7e0, (CMBitMap*) 0x0000019246eed7a0
 Prev Bits: [0x000001925f6b0000, 0x0000019260a48000)
 Next Bits: [0x000001925e310000, 0x000001925f6a8000)

Polling page: 0x0000019244c60000

Metaspace:

Usage:
  Non-class:     58.32 MB used.
      Class:      8.33 MB used.
       Both:     66.65 MB used.

Virtual space:
  Non-class space:       64.00 MB reserved,      58.62 MB ( 92%) committed,  1 nodes.
      Class space:        1.00 GB reserved,       8.62 MB ( <1%) committed,  1 nodes.
             Both:        1.06 GB reserved,      67.25 MB (  6%) committed. 

Chunk freelists:
   Non-Class:  1008.00 KB
       Class:  3.41 MB
        Both:  4.40 MB

MaxMetaspaceSize: unlimited
CompressedClassSpaceSize: 1.00 GB
Initial GC threshold: 21.00 MB
Current GC threshold: 108.12 MB
CDS: on
MetaspaceReclaimPolicy: balanced
 - commit_granule_bytes: 65536.
 - commit_granule_words: 8192.
 - virtual_space_node_default_size: 8388608.
 - enlarge_chunks_in_place: 1.
 - new_chunks_are_fully_committed: 0.
 - uncommit_free_chunks: 1.
 - use_allocation_guard: 0.


Internal statistics:

num_allocs_failed_limit: 9.
num_arena_births: 714.
num_arena_deaths: 30.
num_vsnodes_births: 2.
num_vsnodes_deaths: 0.
num_space_committed: 1076.
num_space_uncommitted: 0.
num_chunks_returned_to_freelist: 53.
num_chunks_taken_from_freelist: 3323.
num_chunk_merges: 13.
num_chunk_splits: 2322.
num_chunks_enlarged: 1835.
num_inconsistent_stats: 0.

CodeHeap 'non-profiled nmethods': size=120064Kb used=5656Kb max_used=5656Kb free=114407Kb
 bounds [0x00000192568d0000, 0x0000019256e60000, 0x000001925de10000]
CodeHeap 'profiled nmethods': size=120000Kb used=15022Kb max_used=16004Kb free=104977Kb
 bounds [0x000001924ee10000, 0x000001924fdd0000, 0x0000019256340000]
CodeHeap 'non-nmethods': size=5696Kb used=1416Kb max_used=1463Kb free=4279Kb
 bounds [0x0000019256340000, 0x00000192565b0000, 0x00000192568d0000]
 total_blobs=8787 nmethods=8126 adapters=571
 compilation: enabled
              stopped_count=0, restarted_count=0
 full_count=0

Compilation events (20 events):
Event: 5987.527 Thread 0x0000019262cae5f0 9676       3       ch.qos.logback.classic.Logger::filterAndLog_1 (68 bytes)
Event: 5987.528 Thread 0x0000019262cae5f0 nmethod 9676 0x000001924f839f10 code [0x000001924f83a100, 0x000001924f83a678]
Event: 5987.528 Thread 0x0000019262cae5f0 9677       3       ch.qos.logback.classic.LoggerContext::getTurboFilterChainDecision_1 (38 bytes)
Event: 5987.528 Thread 0x0000019262cae5f0 nmethod 9677 0x000001924fb42190 code [0x000001924fb42360, 0x000001924fb42888]
Event: 6527.684 Thread 0x0000019262cae5f0 9678       3       ch.qos.logback.classic.Logger::debug (15 bytes)
Event: 6527.684 Thread 0x0000019262cae5f0 nmethod 9678 0x000001924f536110 code [0x000001924f5362c0, 0x000001924f536428]
Event: 6737.725 Thread 0x0000019262cae5f0 9679  s    3       com.zaxxer.hikari.pool.HikariPool::fillPool (97 bytes)
Event: 6737.727 Thread 0x0000019262cae5f0 nmethod 9679 0x000001924f87ff90 code [0x000001924f8801c0, 0x000001924f880bd8]
Event: 6788.871 Thread 0x0000019262cac850 9680       4       org.apache.catalina.webresources.Cache$EvictionOrder::compare (13 bytes)
Event: 6788.873 Thread 0x0000019262cac850 nmethod 9680 0x0000019256e55190 code [0x0000019256e55320, 0x0000019256e55438]
Event: 6788.873 Thread 0x0000019262cac850 9681       4       org.apache.catalina.webresources.Cache$EvictionOrder::compare (31 bytes)
Event: 6788.874 Thread 0x0000019262cac850 nmethod 9681 0x0000019256e55590 code [0x0000019256e55720, 0x0000019256e557d8]
Event: 6956.173 Thread 0x0000019262cae5f0 9682       3       java.util.concurrent.locks.AbstractQueuedSynchronizer::acquireInterruptibly (36 bytes)
Event: 6956.174 Thread 0x0000019262cae5f0 nmethod 9682 0x000001924f8be410 code [0x000001924f8be600, 0x000001924f8bebb8]
Event: 7059.121 Thread 0x0000019262cac850 9683       4       java.util.HashMap::values (25 bytes)
Event: 7059.124 Thread 0x0000019262cac850 nmethod 9683 0x0000019256e55890 code [0x0000019256e55a20, 0x0000019256e55bd8]
Event: 7166.234 Thread 0x0000019262cac850 9684       4       java.util.concurrent.locks.AbstractQueuedSynchronizer$ConditionObject::unlinkCancelledWaiters (91 bytes)
Event: 7166.252 Thread 0x0000019262cac850 nmethod 9684 0x0000019256e55c90 code [0x0000019256e55e20, 0x0000019256e561d8]
Event: 7247.848 Thread 0x0000019262cae5f0 9685       3       com.zaxxer.hikari.pool.HikariPool::logPoolState (92 bytes)
Event: 7247.857 Thread 0x0000019262cae5f0 nmethod 9685 0x000001924f473890 code [0x000001924f473be0, 0x000001924f475758]

GC Heap History (20 events):
Event: 465.722 GC heap after
{Heap after GC invocations=42 (full 4):
 garbage-first heap   total 86016K, used 28593K [0x00000000b1a00000, 0x0000000100000000)
  region size 1024K, 3 young (3072K), 3 survivors (3072K)
 Metaspace       used 66054K, committed 66688K, reserved 1114112K
  class space    used 8335K, committed 8640K, reserved 1048576K
}
Event: 467.983 GC heap before
{Heap before GC invocations=42 (full 4):
 garbage-first heap   total 86016K, used 66481K [0x00000000b1a00000, 0x0000000100000000)
  region size 1024K, 40 young (40960K), 3 survivors (3072K)
 Metaspace       used 66515K, committed 67072K, reserved 1114112K
  class space    used 8355K, committed 8640K, reserved 1048576K
}
Event: 467.996 GC heap after
{Heap after GC invocations=43 (full 4):
 garbage-first heap   total 86016K, used 31035K [0x00000000b1a00000, 0x0000000100000000)
  region size 1024K, 3 young (3072K), 3 survivors (3072K)
 Metaspace       used 66515K, committed 67072K, reserved 1114112K
  class space    used 8355K, committed 8640K, reserved 1048576K
}
Event: 783.264 GC heap before
{Heap before GC invocations=43 (full 4):
 garbage-first heap   total 86016K, used 66875K [0x00000000b1a00000, 0x0000000100000000)
  region size 1024K, 38 young (38912K), 3 survivors (3072K)
 Metaspace       used 67901K, committed 68416K, reserved 1114112K
  class space    used 8514K, committed 8768K, reserved 1048576K
}
Event: 783.277 GC heap after
{Heap after GC invocations=44 (full 4):
 garbage-first heap   total 86016K, used 32869K [0x00000000b1a00000, 0x0000000100000000)
  region size 1024K, 5 young (5120K), 5 survivors (5120K)
 Metaspace       used 67901K, committed 68416K, reserved 1114112K
  class space    used 8514K, committed 8768K, reserved 1048576K
}
Event: 1529.211 GC heap before
{Heap before GC invocations=44 (full 4):
 garbage-first heap   total 86016K, used 67685K [0x00000000b1a00000, 0x0000000100000000)
  region size 1024K, 39 young (39936K), 5 survivors (5120K)
 Metaspace       used 68170K, committed 68736K, reserved 1114112K
  class space    used 8532K, committed 8832K, reserved 1048576K
}
Event: 1529.225 GC heap after
{Heap after GC invocations=45 (full 4):
 garbage-first heap   total 86016K, used 32885K [0x00000000b1a00000, 0x0000000100000000)
  region size 1024K, 2 young (2048K), 2 survivors (2048K)
 Metaspace       used 68170K, committed 68736K, reserved 1114112K
  class space    used 8532K, committed 8832K, reserved 1048576K
}
Event: 2348.075 GC heap before
{Heap before GC invocations=45 (full 4):
 garbage-first heap   total 86016K, used 69749K [0x00000000b1a00000, 0x0000000100000000)
  region size 1024K, 38 young (38912K), 2 survivors (2048K)
 Metaspace       used 68193K, committed 68800K, reserved 1114112K
  class space    used 8532K, committed 8832K, reserved 1048576K
}
Event: 2348.083 GC heap after
{Heap after GC invocations=46 (full 4):
 garbage-first heap   total 86016K, used 33838K [0x00000000b1a00000, 0x0000000100000000)
  region size 1024K, 3 young (3072K), 3 survivors (3072K)
 Metaspace       used 68193K, committed 68800K, reserved 1114112K
  class space    used 8532K, committed 8832K, reserved 1048576K
}
Event: 3168.701 GC heap before
{Heap before GC invocations=46 (full 4):
 garbage-first heap   total 86016K, used 69678K [0x00000000b1a00000, 0x0000000100000000)
  region size 1024K, 38 young (38912K), 3 survivors (3072K)
 Metaspace       used 68207K, committed 68800K, reserved 1114112K
  class space    used 8532K, committed 8832K, reserved 1048576K
}
Event: 3168.709 GC heap after
{Heap after GC invocations=47 (full 4):
 garbage-first heap   total 86016K, used 33136K [0x00000000b1a00000, 0x0000000100000000)
  region size 1024K, 3 young (3072K), 3 survivors (3072K)
 Metaspace       used 68207K, committed 68800K, reserved 1114112K
  class space    used 8532K, committed 8832K, reserved 1048576K
}
Event: 4005.968 GC heap before
{Heap before GC invocations=47 (full 4):
 garbage-first heap   total 86016K, used 70000K [0x00000000b1a00000, 0x0000000100000000)
  region size 1024K, 39 young (39936K), 3 survivors (3072K)
 Metaspace       used 68220K, committed 68800K, reserved 1114112K
  class space    used 8532K, committed 8832K, reserved 1048576K
}
Event: 4005.976 GC heap after
{Heap after GC invocations=48 (full 4):
 garbage-first heap   total 86016K, used 33102K [0x00000000b1a00000, 0x0000000100000000)
  region size 1024K, 3 young (3072K), 3 survivors (3072K)
 Metaspace       used 68220K, committed 68800K, reserved 1114112K
  class space    used 8532K, committed 8832K, reserved 1048576K
}
Event: 4847.637 GC heap before
{Heap before GC invocations=48 (full 4):
 garbage-first heap   total 86016K, used 70990K [0x00000000b1a00000, 0x0000000100000000)
  region size 1024K, 40 young (40960K), 3 survivors (3072K)
 Metaspace       used 68230K, committed 68800K, reserved 1114112K
  class space    used 8532K, committed 8832K, reserved 1048576K
}
Event: 4847.644 GC heap after
{Heap after GC invocations=49 (full 4):
 garbage-first heap   total 86016K, used 33378K [0x00000000b1a00000, 0x0000000100000000)
  region size 1024K, 3 young (3072K), 3 survivors (3072K)
 Metaspace       used 68230K, committed 68800K, reserved 1114112K
  class space    used 8532K, committed 8832K, reserved 1048576K
}
Event: 5707.844 GC heap before
{Heap before GC invocations=49 (full 4):
 garbage-first heap   total 86016K, used 71266K [0x00000000b1a00000, 0x0000000100000000)
  region size 1024K, 40 young (40960K), 3 survivors (3072K)
 Metaspace       used 68231K, committed 68800K, reserved 1114112K
  class space    used 8532K, committed 8832K, reserved 1048576K
}
Event: 5707.852 GC heap after
{Heap after GC invocations=50 (full 4):
 garbage-first heap   total 86016K, used 33109K [0x00000000b1a00000, 0x0000000100000000)
  region size 1024K, 3 young (3072K), 3 survivors (3072K)
 Metaspace       used 68231K, committed 68800K, reserved 1114112K
  class space    used 8532K, committed 8832K, reserved 1048576K
}
Event: 6560.164 GC heap before
{Heap before GC invocations=50 (full 4):
 garbage-first heap   total 86016K, used 72021K [0x00000000b1a00000, 0x0000000100000000)
  region size 1024K, 41 young (41984K), 3 survivors (3072K)
 Metaspace       used 68249K, committed 68800K, reserved 1114112K
  class space    used 8532K, committed 8832K, reserved 1048576K
}
Event: 6560.172 GC heap after
{Heap after GC invocations=51 (full 4):
 garbage-first heap   total 86016K, used 33319K [0x00000000b1a00000, 0x0000000100000000)
  region size 1024K, 3 young (3072K), 3 survivors (3072K)
 Metaspace       used 68249K, committed 68800K, reserved 1114112K
  class space    used 8532K, committed 8832K, reserved 1048576K
}
Event: 7448.149 GC heap before
{Heap before GC invocations=51 (full 4):
 garbage-first heap   total 86016K, used 72231K [0x00000000b1a00000, 0x0000000100000000)
  region size 1024K, 41 young (41984K), 3 survivors (3072K)
 Metaspace       used 68252K, committed 68864K, reserved 1114112K
  class space    used 8532K, committed 8832K, reserved 1048576K
}

Dll operation events (11 events):
Event: 0.014 Loaded shared library C:\Program Files\Java\jdk-19\bin\java.dll
Event: 0.036 Loaded shared library C:\Program Files\Java\jdk-19\bin\jsvml.dll
Event: 0.241 Loaded shared library C:\Program Files\Java\jdk-19\bin\net.dll
Event: 0.245 Loaded shared library C:\Program Files\Java\jdk-19\bin\nio.dll
Event: 0.252 Loaded shared library C:\Program Files\Java\jdk-19\bin\zip.dll
Event: 0.470 Loaded shared library C:\Program Files\Java\jdk-19\bin\verify.dll
Event: 0.481 Loaded shared library C:\Program Files\Java\jdk-19\bin\jimage.dll
Event: 2.068 Loaded shared library C:\Program Files\Java\jdk-19\bin\management.dll
Event: 2.072 Loaded shared library C:\Program Files\Java\jdk-19\bin\management_ext.dll
Event: 17.777 Loaded shared library C:\Program Files\Java\jdk-19\bin\sunmscapi.dll
Event: 25.015 Loaded shared library C:\Program Files\Java\jdk-19\bin\extnet.dll

Deoptimization events (20 events):
Event: 1158.544 Thread 0x0000019269881460 Uncommon trap: trap_request=0xffffffd6 fr.pc=0x0000019256b85b3c relative=0x000000000000061c
Event: 1158.544 Thread 0x0000019269881460 Uncommon trap: reason=array_check action=maybe_recompile pc=0x0000019256b85b3c method=java.util.HashMap.valuesToArray([Ljava/lang/Object;)[Ljava/lang/Object; @ 62 c2
Event: 1158.544 Thread 0x0000019269881460 DEOPT PACKING pc=0x0000019256b85b3c sp=0x00000033232fee90
Event: 1158.544 Thread 0x0000019269881460 DEOPT UNPACKING pc=0x00000192563a6d9d sp=0x00000033232fee28 mode 2
Event: 1168.556 Thread 0x0000019269881460 Uncommon trap: trap_request=0xffffffd6 fr.pc=0x0000019256b85b3c relative=0x000000000000061c
Event: 1168.556 Thread 0x0000019269881460 Uncommon trap: reason=array_check action=maybe_recompile pc=0x0000019256b85b3c method=java.util.HashMap.valuesToArray([Ljava/lang/Object;)[Ljava/lang/Object; @ 62 c2
Event: 1168.556 Thread 0x0000019269881460 DEOPT PACKING pc=0x0000019256b85b3c sp=0x00000033232ff010
Event: 1168.556 Thread 0x0000019269881460 DEOPT UNPACKING pc=0x00000192563a6d9d sp=0x00000033232fefa8 mode 2
Event: 3850.179 Thread 0x0000019269881460 Uncommon trap: trap_request=0xffffff45 fr.pc=0x0000019256b963fc relative=0x0000000000000b1c
Event: 3850.179 Thread 0x0000019269881460 Uncommon trap: reason=unstable_if action=reinterpret pc=0x0000019256b963fc method=java.util.concurrent.locks.ReentrantLock$NonfairSync.tryAcquire(I)Z @ 13 c2
Event: 3850.179 Thread 0x0000019269881460 DEOPT PACKING pc=0x0000019256b963fc sp=0x00000033232ff150
Event: 3850.179 Thread 0x0000019269881460 DEOPT UNPACKING pc=0x00000192563a6d9d sp=0x00000033232ff078 mode 2
Event: 4628.180 Thread 0x0000019269881460 Uncommon trap: trap_request=0xffffff45 fr.pc=0x0000019256b7ca58 relative=0x0000000000000138
Event: 4628.180 Thread 0x0000019269881460 Uncommon trap: reason=unstable_if action=reinterpret pc=0x0000019256b7ca58 method=java.util.concurrent.locks.ReentrantLock$NonfairSync.tryAcquire(I)Z @ 13 c2
Event: 4628.180 Thread 0x0000019269881460 DEOPT PACKING pc=0x0000019256b7ca58 sp=0x00000033232ff200
Event: 4628.180 Thread 0x0000019269881460 DEOPT UNPACKING pc=0x00000192563a6d9d sp=0x00000033232ff1b0 mode 2
Event: 4927.166 Thread 0x0000019269885970 Uncommon trap: trap_request=0xffffff45 fr.pc=0x0000019256e380e4 relative=0x00000000000020e4
Event: 4927.166 Thread 0x0000019269885970 Uncommon trap: reason=unstable_if action=reinterpret pc=0x0000019256e380e4 method=java.util.concurrent.ScheduledThreadPoolExecutor$DelayedWorkQueue.take()Ljava/util/concurrent/RunnableScheduledFuture; @ 59 c2
Event: 4927.166 Thread 0x0000019269885970 DEOPT PACKING pc=0x0000019256e380e4 sp=0x00000033233fee60
Event: 4927.166 Thread 0x0000019269885970 DEOPT UNPACKING pc=0x00000192563a6d9d sp=0x00000033233fed60 mode 2

Classes loaded (20 events):
Event: 467.224 Loading class java/lang/ObjectCustomizer
Event: 467.224 Loading class java/lang/ObjectCustomizer done
Event: 489.121 Loading class java/util/ArrayList$SubList$2
Event: 489.132 Loading class java/util/ArrayList$SubList$2 done
Event: 489.164 Loading class java/io/PrintWriter$1
Event: 489.165 Loading class jdk/internal/access/JavaIOPrintWriterAccess
Event: 489.165 Loading class jdk/internal/access/JavaIOPrintWriterAccess done
Event: 489.165 Loading class java/io/PrintWriter$1 done
Event: 489.165 Loading class java/lang/Throwable$WrappedPrintWriter
Event: 489.165 Loading class java/lang/Throwable$PrintStreamOrWriter
Event: 489.165 Loading class java/lang/Throwable$PrintStreamOrWriter done
Event: 489.165 Loading class java/lang/Throwable$WrappedPrintWriter done
Event: 547.411 Loading class java/lang/ObjectCustomizer
Event: 547.411 Loading class java/lang/ObjectCustomizer done
Event: 547.413 Loading class java/lang/ObjectCustomizer
Event: 547.413 Loading class java/lang/ObjectCustomizer done
Event: 643.331 Loading class java/lang/ObjectCustomizer
Event: 643.331 Loading class java/lang/ObjectCustomizer done
Event: 643.333 Loading class java/lang/ObjectCustomizer
Event: 643.333 Loading class java/lang/ObjectCustomizer done

Classes unloaded (15 events):
Event: 45.245 Thread 0x0000019262c8df60 Unloading class 0x0000000801700800 'jdk/internal/reflect/GeneratedSerializationConstructorAccessor1'
Event: 98.466 Thread 0x0000019262c8df60 Unloading class 0x0000000801720400 'jdk/internal/reflect/GeneratedSerializationConstructorAccessor3'
Event: 98.466 Thread 0x0000019262c8df60 Unloading class 0x0000000801720000 'jdk/internal/reflect/GeneratedSerializationConstructorAccessor2'
Event: 110.951 Thread 0x0000019262c8df60 Unloading class 0x000000080183bc00 'jdk/internal/reflect/GeneratedSerializationConstructorAccessor6'
Event: 110.951 Thread 0x0000019262c8df60 Unloading class 0x000000080183b800 'jdk/internal/reflect/GeneratedSerializationConstructorAccessor5'
Event: 110.951 Thread 0x0000019262c8df60 Unloading class 0x000000080183b400 'jdk/internal/reflect/GeneratedSerializationConstructorAccessor4'
Event: 110.951 Thread 0x0000019262c8df60 Unloading class 0x0000000801834000 'org/apache/catalina/loader/JdbcLeakPrevention'
Event: 188.677 Thread 0x0000019262c8df60 Unloading class 0x000000080184d400 'jdk/internal/reflect/GeneratedSerializationConstructorAccessor9'
Event: 188.677 Thread 0x0000019262c8df60 Unloading class 0x000000080184d000 'jdk/internal/reflect/GeneratedSerializationConstructorAccessor8'
Event: 188.677 Thread 0x0000019262c8df60 Unloading class 0x000000080184cc00 'jdk/internal/reflect/GeneratedSerializationConstructorAccessor7'
Event: 188.677 Thread 0x0000019262c8df60 Unloading class 0x000000080183b800 'org/apache/catalina/loader/JdbcLeakPrevention'
Event: 462.487 Thread 0x0000019262c8df60 Unloading class 0x0000000801858c00 'jdk/internal/reflect/GeneratedSerializationConstructorAccessor12'
Event: 462.487 Thread 0x0000019262c8df60 Unloading class 0x0000000801858800 'jdk/internal/reflect/GeneratedSerializationConstructorAccessor11'
Event: 462.487 Thread 0x0000019262c8df60 Unloading class 0x0000000801858000 'jdk/internal/reflect/GeneratedSerializationConstructorAccessor10'
Event: 462.487 Thread 0x0000019262c8df60 Unloading class 0x000000080184d800 'org/apache/catalina/loader/JdbcLeakPrevention'

Classes redefined (0 events):
No events

Internal exceptions (20 events):
Event: 465.405 Thread 0x0000019269882450 Exception <a 'java/lang/ClassNotFoundException'{0x00000000b4d9d288}: org/springframework/beans/factory/AwareCustomizer> (0x00000000b4d9d288) 
thrown [s\open\src\hotspot\share\classfile\systemDictionary.cpp, line 255]
Event: 465.424 Thread 0x0000019269882450 Exception <a 'java/lang/ClassNotFoundException'{0x00000000b4da3ec0}: org/springframework/security/config/annotation/web/WebSecurityConfigurerCustomizer> (0x00000000b4da3ec0) 
thrown [s\open\src\hotspot\share\classfile\systemDictionary.cpp, line 255]
Event: 465.430 Thread 0x0000019269882450 Exception <a 'java/lang/ClassNotFoundException'{0x00000000b4daaac8}: org/springframework/security/config/annotation/SecurityConfigurerCustomizer> (0x00000000b4daaac8) 
thrown [s\open\src\hotspot\share\classfile\systemDictionary.cpp, line 255]
Event: 466.994 Thread 0x0000019269882450 Exception <a 'java/lang/ClassNotFoundException'{0x00000000b6349bd0}: java/lang/ObjectCustomizer> (0x00000000b6349bd0) 
thrown [s\open\src\hotspot\share\classfile\systemDictionary.cpp, line 255]
Event: 467.000 Thread 0x0000019269882450 Exception <a 'java/lang/ClassNotFoundException'{0x00000000b6356400}: com/portfolio/gabriel/piumetto/Security/Entity/UsuarioCustomizer> (0x00000000b6356400) 
thrown [s\open\src\hotspot\share\classfile\systemDictionary.cpp, line 255]
Event: 467.015 Thread 0x0000019269882450 Exception <a 'java/lang/ClassNotFoundException'{0x00000000b63a5920}: java/lang/ObjectCustomizer> (0x00000000b63a5920) 
thrown [s\open\src\hotspot\share\classfile\systemDictionary.cpp, line 255]
Event: 467.021 Thread 0x0000019269882450 Exception <a 'java/lang/ClassNotFoundException'{0x00000000b63b2040}: com/portfolio/gabriel/piumetto/Security/Entity/RolCustomizer> (0x00000000b63b2040) 
thrown [s\open\src\hotspot\share\classfile\systemDictionary.cpp, line 255]
Event: 467.210 Thread 0x0000019269882450 Exception <a 'java/io/FileNotFoundException'{0x00000000b59097b8}> (0x00000000b59097b8) 
thrown [s\open\src\hotspot\share\prims\jni.cpp, line 517]
Event: 467.224 Thread 0x0000019269882450 Exception <a 'java/lang/ClassNotFoundException'{0x00000000b5963808}: java/lang/ObjectCustomizer> (0x00000000b5963808) 
thrown [s\open\src\hotspot\share\classfile\systemDictionary.cpp, line 255]
Event: 467.225 Thread 0x0000019269882450 Exception <a 'java/lang/ClassNotFoundException'{0x00000000b596bac0}: com/portfolio/gabriel/piumetto/Entity/PersonaCustomizer> (0x00000000b596bac0) 
thrown [s\open\src\hotspot\share\classfile\systemDictionary.cpp, line 255]
Event: 489.117 Thread 0x0000019269886410 Exception <a 'java/lang/NoSuchMethodError'{0x00000000b62ceb30}: 'java.lang.Object java.lang.invoke.DirectMethodHandle$Holder.invokeStatic(java.lang.Object, int, int)'> (0x00000000b62ceb30) 
thrown [s\open\src\hotspot\share\interpreter\linkResolver.cpp, line 774]
Event: 547.336 Thread 0x0000019269880470 Exception <a 'java/lang/NoSuchMethodError'{0x00000000b599f818}: 'java.lang.Object java.lang.invoke.DirectMethodHandle$Holder.invokeStaticInit(java.lang.Object, java.lang.Object, java.lang.Object, java.lang.Object, java.lang.Object, java.lang.Object)'> (0x00000000b599f818) 
thrown [s\open\src\hotspot\share\interpreter\linkResolver.cpp, line 774]
Event: 547.413 Thread 0x0000019269880470 Exception <a 'java/lang/ClassNotFoundException'{0x00000000b5872b38}: java/lang/ObjectCustomizer> (0x00000000b5872b38) 
thrown [s\open\src\hotspot\share\classfile\systemDictionary.cpp, line 255]
Event: 547.415 Thread 0x0000019269880470 Exception <a 'java/lang/ClassNotFoundException'{0x00000000b587fe48}: com/portfolio/gabriel/piumetto/Security/Entity/UsuarioCustomizer> (0x00000000b587fe48) 
thrown [s\open\src\hotspot\share\classfile\systemDictionary.cpp, line 255]
Event: 643.333 Thread 0x0000019269883440 Exception <a 'java/lang/ClassNotFoundException'{0x00000000b51e2cc8}: java/lang/ObjectCustomizer> (0x00000000b51e2cc8) 
thrown [s\open\src\hotspot\share\classfile\systemDictionary.cpp, line 255]
Event: 643.341 Thread 0x0000019269883440 Exception <a 'java/lang/ClassNotFoundException'{0x00000000b51ef790}: com/portfolio/gabriel/piumetto/Entity/PersonaCustomizer> (0x00000000b51ef790) 
thrown [s\open\src\hotspot\share\classfile\systemDictionary.cpp, line 255]
Event: 805.878 Thread 0x0000019269884430 Exception <a 'java/lang/NoSuchMethodError'{0x00000000b6c505e8}: 'java.lang.Object java.lang.invoke.DirectMethodHandle$Holder.invokeStatic(java.lang.Object, int, java.lang.Object, java.lang.Object)'> (0x00000000b6c505e8) 
thrown [s\open\src\hotspot\share\interpreter\linkResolver.cpp, line 774]
Event: 805.879 Thread 0x0000019269884430 Exception <a 'java/lang/NoSuchMethodError'{0x00000000b6c585a8}: 'java.lang.Object java.lang.invoke.DirectMethodHandle$Holder.newInvokeSpecial(java.lang.Object, int, java.lang.Object, java.lang.Object)'> (0x00000000b6c585a8) 
thrown [s\open\src\hotspot\share\interpreter\linkResolver.cpp, line 774]
Event: 805.882 Thread 0x0000019269884430 Exception <a 'java/lang/NoSuchMethodError'{0x00000000b6c5ce48}: 'java.lang.Object java.lang.invoke.DirectMethodHandle$Holder.invokeSpecial(java.lang.Object, java.lang.Object, int, java.lang.Object, java.lang.Object)'> (0x00000000b6c5ce48) 
thrown [s\open\src\hotspot\share\interpreter\linkResolver.cpp, line 774]
Event: 1065.039 Thread 0x00000192698809c0 Exception <a 'java/lang/NoSuchMethodError'{0x00000000b6043ce0}: 'java.lang.Object java.lang.invoke.DirectMethodHandle$Holder.invokeInterface(java.lang.Object, java.lang.Object, java.lang.Object, java.lang.Object, java.lang.Object)'> (0x00000000b6043ce0) 
thrown [s\open\src\hotspot\share\interpreter\linkResolver.cpp, line 774]

VM Operations (20 events):
Event: 5707.852 Executing VM operation: G1CollectForAllocation done
Event: 5790.201 Executing VM operation: Cleanup
Event: 5790.201 Executing VM operation: Cleanup done
Event: 5791.204 Executing VM operation: Cleanup
Event: 5791.204 Executing VM operation: Cleanup done
Event: 5796.219 Executing VM operation: Cleanup
Event: 5796.219 Executing VM operation: Cleanup done
Event: 5808.293 Executing VM operation: Cleanup
Event: 5808.293 Executing VM operation: Cleanup done
Event: 5813.328 Executing VM operation: Cleanup
Event: 5813.328 Executing VM operation: Cleanup done
Event: 5827.391 Executing VM operation: Cleanup
Event: 5827.391 Executing VM operation: Cleanup done
Event: 6560.164 Executing VM operation: G1CollectForAllocation
Event: 6560.172 Executing VM operation: G1CollectForAllocation done
Event: 6799.239 Executing VM operation: Cleanup
Event: 6799.239 Executing VM operation: Cleanup done
Event: 7059.418 Executing VM operation: Cleanup
Event: 7059.418 Executing VM operation: Cleanup done
Event: 7448.127 Executing VM operation: G1CollectForAllocation

Events (20 events):
Event: 5789.751 Thread 0x0000019269882450 Thread added: 0x0000019269882450
Event: 5789.751 Thread 0x00000192683165b0 Thread added: 0x00000192683165b0
Event: 5800.607 Thread 0x00000192683165b0 Thread exited: 0x00000192683165b0
Event: 5800.607 Thread 0x0000019269882450 Thread exited: 0x0000019269882450
Event: 5807.244 Thread 0x0000019268315070 Thread added: 0x0000019268315070
Event: 5807.244 Thread 0x00000192683175a0 Thread added: 0x00000192683175a0
Event: 5812.307 Thread 0x0000019268315070 Thread exited: 0x0000019268315070
Event: 5812.323 Thread 0x00000192683175a0 Thread exited: 0x00000192683175a0
Event: 5812.926 Thread 0x0000019268316b00 Thread added: 0x0000019268316b00
Event: 5812.926 Thread 0x00000192683175a0 Thread added: 0x00000192683175a0
Event: 5817.929 Thread 0x0000019268316b00 Thread exited: 0x0000019268316b00
Event: 5817.944 Thread 0x00000192683175a0 Thread exited: 0x00000192683175a0
Event: 5819.855 Thread 0x00000192683175a0 Thread added: 0x00000192683175a0
Event: 5819.855 Thread 0x0000019268317af0 Thread added: 0x0000019268317af0
Event: 5824.858 Thread 0x00000192683175a0 Thread exited: 0x00000192683175a0
Event: 5824.873 Thread 0x0000019268317af0 Thread exited: 0x0000019268317af0
Event: 5824.935 Thread 0x0000019268317af0 Thread added: 0x0000019268317af0
Event: 5824.936 Thread 0x00000192683175a0 Thread added: 0x00000192683175a0
Event: 5835.083 Thread 0x0000019268317af0 Thread exited: 0x0000019268317af0
Event: 5835.098 Thread 0x00000192683175a0 Thread exited: 0x00000192683175a0


Dynamic libraries:
0x00007ff6b36d0000 - 0x00007ff6b36e0000 	C:\Program Files\Java\jdk-19\bin\java.exe
0x00007ffec6d30000 - 0x00007ffec6f26000 	C:\WINDOWS\SYSTEM32\ntdll.dll
0x00007ffec5110000 - 0x00007ffec51cd000 	C:\WINDOWS\System32\KERNEL32.DLL
0x00007ffec4ac0000 - 0x00007ffec4d88000 	C:\WINDOWS\System32\KERNELBASE.dll
0x00007ffec48e0000 - 0x00007ffec49e0000 	C:\WINDOWS\System32\ucrtbase.dll
0x00007ffe955f0000 - 0x00007ffe9560b000 	C:\Program Files\Java\jdk-19\bin\VCRUNTIME140.dll
0x00007ffec26b0000 - 0x00007ffec26c8000 	C:\Program Files\Java\jdk-19\bin\jli.dll
0x00007ffec5cc0000 - 0x00007ffec5d6c000 	C:\WINDOWS\System32\ADVAPI32.dll
0x00007ffec6ae0000 - 0x00007ffec6b7e000 	C:\WINDOWS\System32\msvcrt.dll
0x00007ffec4d90000 - 0x00007ffec4e2b000 	C:\WINDOWS\System32\sechost.dll
0x00007ffec4e30000 - 0x00007ffec4f54000 	C:\WINDOWS\System32\RPCRT4.dll
0x00007ffec5ac0000 - 0x00007ffec5c60000 	C:\WINDOWS\System32\USER32.dll
0x00007ffec4470000 - 0x00007ffec4492000 	C:\WINDOWS\System32\win32u.dll
0x00007ffec6980000 - 0x00007ffec69aa000 	C:\WINDOWS\System32\GDI32.dll
0x00007ffec4540000 - 0x00007ffec4649000 	C:\WINDOWS\System32\gdi32full.dll
0x00007ffec3110000 - 0x00007ffec33ab000 	C:\WINDOWS\WinSxS\amd64_microsoft.windows.common-controls_6595b64144ccf1df_6.0.19041.488_none_ca04af081b815d21\COMCTL32.dll
0x00007ffec44a0000 - 0x00007ffec453d000 	C:\WINDOWS\System32\msvcp_win.dll
0x00007ffebc870000 - 0x00007ffebc87a000 	C:\WINDOWS\SYSTEM32\VERSION.dll
0x00007ffec6840000 - 0x00007ffec6870000 	C:\WINDOWS\System32\IMM32.DLL
0x00007ffea5470000 - 0x00007ffea547c000 	C:\Program Files\Java\jdk-19\bin\vcruntime140_1.dll
0x00007ffe95210000 - 0x00007ffe9529e000 	C:\Program Files\Java\jdk-19\bin\msvcp140.dll
0x00007ffe66de0000 - 0x00007ffe67aa0000 	C:\Program Files\Java\jdk-19\bin\server\jvm.dll
0x00007ffeb6930000 - 0x00007ffeb6939000 	C:\WINDOWS\SYSTEM32\WSOCK32.dll
0x00007ffea63c0000 - 0x00007ffea63e7000 	C:\WINDOWS\SYSTEM32\WINMM.dll
0x00007ffec67d0000 - 0x00007ffec683b000 	C:\WINDOWS\System32\WS2_32.dll
0x00007ffec15f0000 - 0x00007ffec1602000 	C:\WINDOWS\SYSTEM32\kernel.appcore.dll
0x00007ffea4010000 - 0x00007ffea401a000 	C:\Program Files\Java\jdk-19\bin\jimage.dll
0x00007ffec3d00000 - 0x00007ffec3ee4000 	C:\WINDOWS\SYSTEM32\DBGHELP.DLL
0x00007ffec3ac0000 - 0x00007ffec3aec000 	C:\WINDOWS\SYSTEM32\dbgcore.DLL
0x00007ffec4800000 - 0x00007ffec487f000 	C:\WINDOWS\System32\bcryptPrimitives.dll
0x00007ffe95580000 - 0x00007ffe955a6000 	C:\Program Files\Java\jdk-19\bin\java.dll
0x00007ffe954a0000 - 0x00007ffe95577000 	C:\Program Files\Java\jdk-19\bin\jsvml.dll
0x00007ffec5360000 - 0x00007ffec5aa1000 	C:\WINDOWS\System32\SHELL32.dll
0x00007ffec18b0000 - 0x00007ffec2045000 	C:\WINDOWS\SYSTEM32\windows.storage.dll
0x00007ffec5ea0000 - 0x00007ffec61f5000 	C:\WINDOWS\System32\combase.dll
0x00007ffec3a90000 - 0x00007ffec3abc000 	C:\WINDOWS\SYSTEM32\Wldp.dll
0x00007ffec6720000 - 0x00007ffec67ce000 	C:\WINDOWS\System32\SHCORE.dll
0x00007ffec51d0000 - 0x00007ffec5225000 	C:\WINDOWS\System32\shlwapi.dll
0x00007ffec43a0000 - 0x00007ffec43c6000 	C:\WINDOWS\SYSTEM32\profapi.dll
0x00007ffe95480000 - 0x00007ffe95493000 	C:\Program Files\Java\jdk-19\bin\net.dll
0x00007ffeb71e0000 - 0x00007ffeb72e0000 	C:\WINDOWS\SYSTEM32\WINHTTP.dll
0x00007ffec3830000 - 0x00007ffec389a000 	C:\WINDOWS\system32\mswsock.dll
0x00007ffe95460000 - 0x00007ffe95476000 	C:\Program Files\Java\jdk-19\bin\nio.dll
0x00007ffe95440000 - 0x00007ffe95458000 	C:\Program Files\Java\jdk-19\bin\zip.dll
0x00007ffea38b0000 - 0x00007ffea38c0000 	C:\Program Files\Java\jdk-19\bin\verify.dll
0x00007ffec26f0000 - 0x00007ffec26fa000 	C:\Program Files\Java\jdk-19\bin\management.dll
0x00007ffec2580000 - 0x00007ffec258b000 	C:\Program Files\Java\jdk-19\bin\management_ext.dll
0x00007ffec5ab0000 - 0x00007ffec5ab8000 	C:\WINDOWS\System32\PSAPI.DLL
0x00007ffea8280000 - 0x00007ffea8297000 	C:\WINDOWS\system32\napinsp.dll
0x00007ffea8260000 - 0x00007ffea827b000 	C:\WINDOWS\system32\pnrpnsp.dll
0x00007ffea8240000 - 0x00007ffea8255000 	C:\WINDOWS\system32\wshbth.dll
0x00007ffebf220000 - 0x00007ffebf23d000 	C:\WINDOWS\system32\NLAapi.dll
0x00007ffec3520000 - 0x00007ffec355b000 	C:\WINDOWS\SYSTEM32\IPHLPAPI.DLL
0x00007ffec3570000 - 0x00007ffec363b000 	C:\WINDOWS\SYSTEM32\DNSAPI.dll
0x00007ffec6890000 - 0x00007ffec6898000 	C:\WINDOWS\System32\NSI.dll
0x00007ffea8220000 - 0x00007ffea8232000 	C:\WINDOWS\System32\winrnr.dll
0x00007ffeb71b0000 - 0x00007ffeb71ba000 	C:\Windows\System32\rasadhlp.dll
0x00007ffeb73e0000 - 0x00007ffeb745f000 	C:\WINDOWS\System32\fwpuclnt.dll
0x00007ffec4a90000 - 0x00007ffec4ab7000 	C:\WINDOWS\System32\bcrypt.dll
0x00007ffec4190000 - 0x00007ffec41a8000 	C:\WINDOWS\SYSTEM32\CRYPTSP.dll
0x00007ffec3070000 - 0x00007ffec30a4000 	C:\WINDOWS\system32\rsaenh.dll
0x00007ffec4320000 - 0x00007ffec434e000 	C:\WINDOWS\SYSTEM32\USERENV.dll
0x00007ffec3a00000 - 0x00007ffec3a0c000 	C:\WINDOWS\SYSTEM32\CRYPTBASE.dll
0x00007ffeb8a20000 - 0x00007ffeb8a37000 	C:\WINDOWS\SYSTEM32\dhcpcsvc6.DLL
0x00007ffeba880000 - 0x00007ffeba89d000 	C:\WINDOWS\SYSTEM32\dhcpcsvc.DLL
0x00007ffebdd50000 - 0x00007ffebdd5e000 	C:\Program Files\Java\jdk-19\bin\sunmscapi.dll
0x00007ffec4650000 - 0x00007ffec47ad000 	C:\WINDOWS\System32\CRYPT32.dll
0x00007ffec3b30000 - 0x00007ffec3b57000 	C:\WINDOWS\SYSTEM32\ncrypt.dll
0x00007ffec3af0000 - 0x00007ffec3b2b000 	C:\WINDOWS\SYSTEM32\NTASN1.dll
0x00007ffea1bd0000 - 0x00007ffea1bd8000 	C:\Program Files\Java\jdk-19\bin\extnet.dll
0x00007ffebee10000 - 0x00007ffebee17000 	C:\WINDOWS\system32\wshunix.dll

dbghelp: loaded successfully - version: 4.0.5 - missing functions: none
symbol engine: initialized successfully - sym options: 0x614 - pdb path: .;C:\Program Files\Java\jdk-19\bin;C:\WINDOWS\SYSTEM32;C:\WINDOWS\WinSxS\amd64_microsoft.windows.common-controls_6595b64144ccf1df_6.0.19041.488_none_ca04af081b815d21;C:\Program Files\Java\jdk-19\bin\server

VM Arguments:
java_command: com.portfolio.gabriel.piumetto.GabrielPiumettoApplication
java_class_path (initial): F:\ARGENTINA PROGRAMA\PortfolioProyectoIntegrador\BackEnd\target\classes;C:\Users\Familiar\.m2\repository\org\springframework\boot\spring-boot-starter-data-jpa\2.6.7\spring-boot-starter-data-jpa-2.6.7.jar;C:\Users\Familiar\.m2\repository\org\springframework\boot\spring-boot-starter-aop\2.6.7\spring-boot-starter-aop-2.6.7.jar;C:\Users\Familiar\.m2\repository\org\aspectj\aspectjweaver\1.9.7\aspectjweaver-1.9.7.jar;C:\Users\Familiar\.m2\repository\org\springframework\boot\spring-boot-starter-jdbc\2.6.7\spring-boot-starter-jdbc-2.6.7.jar;C:\Users\Familiar\.m2\repository\com\zaxxer\HikariCP\4.0.3\HikariCP-4.0.3.jar;C:\Users\Familiar\.m2\repository\org\springframework\spring-jdbc\5.3.19\spring-jdbc-5.3.19.jar;C:\Users\Familiar\.m2\repository\jakarta\transaction\jakarta.transaction-api\1.3.3\jakarta.transaction-api-1.3.3.jar;C:\Users\Familiar\.m2\repository\jakarta\persistence\jakarta.persistence-api\2.2.3\jakarta.persistence-api-2.2.3.jar;C:\Users\Familiar\.m2\repository\org\hibernate\hibernate-core\5.6.8.Final\hibernate-core-5.6.8.Final.jar;C:\Users\Familiar\.m2\repository\org\jboss\logging\jboss-logging\3.4.3.Final\jboss-logging-3.4.3.Final.jar;C:\Users\Familiar\.m2\repository\net\bytebuddy\byte-buddy\1.11.22\byte-buddy-1.11.22.jar;C:\Users\Familiar\.m2\repository\antlr\antlr\2.7.7\antlr-2.7.7.jar;C:\Users\Familiar\.m2\repository\org\jboss\jandex\2.4.2.Final\jandex-2.4.2.Final.jar;C:\Users\Familiar\.m2\repository\com\fasterxml\classmate\1.5.1\classmate-1.5.1.jar;C:\Users\Familiar\.m2\repository\org\hibernate\common\hibernate-commons-annotations\5.1.2.Final\hibernate-commons-annotations-5.1.2.Final.jar;C:\Users\Familiar\.m2\repository\org\glassfish\jaxb\jaxb-runtime\2.3.6\jaxb-runtime-2.3.6.jar;C:\Users\Familiar\.m2\repository\org\glassfish\jaxb\txw2\2.3.6\txw2-2.3.6.jar;C:\Users\Familiar\.m2\repository\com\sun\istack\istack-commons-runtime\3.0.12\istack-commons-runtime-3.0.12.jar;C:\Users\Familiar\.m2\repository\com\sun\activation\jakarta.activation\1.2.2\jakarta.activation-1.2.2.jar;C:\Users\Familiar\.m2\repository\org\springframework\data\spring-data-jpa\2.6.4\spring-data-jpa-2.6.4.jar;C:\Users\Familiar\.m2\repository\org\springframework\data\spring-data-commons\2.6.4\spring-data-commons-2.6.4.jar;C:\Users\Familiar\.m2\repository\org\springframework\spring-orm\5.3.19\spring-orm-5.3.19.jar;C:\Users\Familiar\.m2\repository\org\springframework\spring-context\5.3.19\spring-context-5.3.19.jar;C:\Users\Familiar\.m2\repository\org\springframework\spring-tx\5.3.19\spring-tx-5.3.19.jar;C:\Users\Familiar\.m2\repository\org\springframework\spring-beans\5.3.19\spring-beans-5.3.19.jar;C:\Users\Familiar\.m2\repository\org\slf4j\slf4j-api\1.7.36\slf4j-api-1.7.36.jar;C:\Users\Familiar\.m2\repository\org\springframework\spring-aspects\5.3.19\spring-aspects-5.3.19.jar;C:\Users\Familiar\.m2\repository\org\springframework\boot\spring-boot-starter-validation\2.6.7\spring-boot-starter-validation-2.6.7.jar;C:\Users\Familiar\.m2\repository\org\springframework\boot\spring-boot-starter\2.6.7\spring-boot-starter-2.6.7.jar;C:\Users\Familiar\.m2\repository\org\springframework\boot\spring-boot-starter-logging\2.6.7\spring-boot-starter-logging-2.6.7.jar;C:\Users\Familiar\.m2\repository\ch\qos\logback\logback-classic\1.2.11\logback-classic-1.2.11.jar;C:\Users\Familiar\.m2\repository\ch\qos\logback\logback-core\1.2.11\logback-core-1.2.11.jar;C:\Users\Familiar\.m2\repository\org\apache\logging\log4j\log4j-to-slf4j\2.17.2\log4j-to-slf4j-2.17.2.jar;C:\Users\Familiar\.m2\repository\org\apache\logging\log4j\log4j-api\2.17.2\log4j-api-2.17.2.jar;C:\Users\Familiar\.m2\repository\org\slf4j\jul-to-slf4j\1.7.36\jul-to-slf4j-1.7.36.jar;C:\Users\Familiar\.m2\repository\jakarta\annotation\jakarta.annotation-api\1.3.5\jakarta.annotation-api-1.3.5.jar;C:\Users\Familiar\.m2\repository\org\yaml\snakeyaml\1.29\snakeyaml-1.29.jar;C:\Users\Familiar\.m2\repository\org\apache\tomcat\embed\tomcat-embed-el\9.0.62\tomcat-embed-el-9.0.62.jar;C:\Users\Familiar\.m2\repository\org\hibernate\validator\hibernate-validator\6.2.3.Final\hibernate-validator-6.2.3.Final.jar;C:\Users\Familiar\.m2\repository\jakarta\validation\jakarta.validation-api\2.0.2\jakarta.validation-api-2.0.2.jar;C:\Users\Familiar\.m2\repository\org\springframework\boot\spring-boot-starter-web\2.6.7\spring-boot-starter-web-2.6.7.jar;C:\Users\Familiar\.m2\repository\org\springframework\boot\spring-boot-starter-json\2.6.7\spring-boot-starter-json-2.6.7.jar;C:\Users\Familiar\.m2\repository\com\fasterxml\jackson\datatype\jackson-datatype-jdk8\2.13.2\jackson-datatype-jdk8-2.13.2.jar;C:\Users\Familiar\.m2\repository\com\fasterxml\jackson\datatype\jackson-datatype-jsr310\2.13.2\jackson-datatype-jsr310-2.13.2.jar;C:\Users\Familiar\.m2\repository\com\fasterxml\jackson\module\jackson-module-parameter-names\2.13.2\jackson-module-parameter-names-2.13.2.jar;C:\Users\Familiar\.m2\repository\org\springframework\boot\spring-boot-starter-tomcat\2.6.7\spring-boot-starter-tomcat-2.6.7.jar;C:\Users\Familiar\.m2\repository\org\apache\tomcat\embed\tomcat-embed-core\9.0.62\tomcat-embed-core-9.0.62.jar;C:\Users\Familiar\.m2\repository\org\apache\tomcat\embed\tomcat-embed-websocket\9.0.62\tomcat-embed-websocket-9.0.62.jar;C:\Users\Familiar\.m2\repository\org\springframework\spring-web\5.3.19\spring-web-5.3.19.jar;C:\Users\Familiar\.m2\repository\org\springframework\spring-webmvc\5.3.19\spring-webmvc-5.3.19.jar;C:\Users\Familiar\.m2\repository\org\springframework\spring-expression\5.3.19\spring-expression-5.3.19.jar;C:\Users\Familiar\.m2\repository\org\springframework\boot\spring-boot-devtools\2.6.7\spring-boot-devtools-2.6.7.jar;C:\Users\Familiar\.m2\repository\org\springframework\boot\spring-boot\2.6.7\spring-boot-2.6.7.jar;C:\Users\Familiar\.m2\repository\org\springframework\boot\spring-boot-autoconfigure\2.6.7\spring-boot-autoconfigure-2.6.7.jar;C:\Users\Familiar\.m2\repository\mysql\mysql-connector-java\8.0.28\mysql-connector-java-8.0.28.jar;C:\Users\Familiar\.m2\repository\org\projectlombok\lombok\1.18.24\lombok-1.18.24.jar;C:\Users\Familiar\.m2\repository\jakarta\xml\bind\jakarta.xml.bind-api\2.3.3\jakarta.xml.bind-api-2.3.3.jar;C:\Users\Familiar\.m2\repository\jakarta\activation\jakarta.activation-api\1.2.2\jakarta.activation-api-1.2.2.jar;C:\Users\Familiar\.m2\repository\org\springframework\spring-core\5.3.19\spring-core-5.3.19.jar;C:\Users\Familiar\.m2\repository\org\springframework\spring-jcl\5.3.19\spring-jcl-5.3.19.jar;C:\Users\Familiar\.m2\repository\org\springframework\boot\spring-boot-starter-security\2.6.7\spring-boot-starter-security-2.6.7.jar;C:\Users\Familiar\.m2\repository\org\springframework\spring-aop\5.3.19\spring-aop-5.3.19.jar;C:\Users\Familiar\.m2\repository\org\springframework\security\spring-security-config\5.6.3\spring-security-config-5.6.3.jar;C:\Users\Familiar\.m2\repository\org\springframework\security\spring-security-core\5.6.3\spring-security-core-5.6.3.jar;C:\Users\Familiar\.m2\repository\org\springframework\security\spring-security-crypto\5.6.3\spring-security-crypto-5.6.3.jar;C:\Users\Familiar\.m2\repository\org\springframework\security\spring-security-web\5.6.3\spring-security-web-5.6.3.jar;C:\Users\Familiar\.m2\repository\io\jsonwebtoken\jjwt\0.9.1\jjwt-0.9.1.jar;C:\Users\Familiar\.m2\repository\com\fasterxml\jackson\core\jackson-databind\2.13.2.1\jackson-databind-2.13.2.1.jar;C:\Users\Familiar\.m2\repository\com\fasterxml\jackson\core\jackson-annotations\2.13.2\jackson-annotations-2.13.2.jar;C:\Users\Familiar\.m2\repository\com\fasterxml\jackson\core\jackson-core\2.13.2\jackson-core-2.13.2.jar;C:\Users\Familiar\.m2\repository\org\apache\commons\commons-lang3\3.9\commons-lang3-3.9.jar
Launcher Type: SUN_STANDARD

[Global flags]
     intx CICompilerCount                          = 2                                         {product} {ergonomic}
     uint ConcGCThreads                            = 1                                         {product} {ergonomic}
     uint G1ConcRefinementThreads                  = 2                                         {product} {ergonomic}
   size_t G1HeapRegionSize                         = 1048576                                   {product} {ergonomic}
    uintx GCDrainStackTargetSize                   = 64                                        {product} {ergonomic}
   size_t InitialHeapSize                          = 83886080                                  {product} {ergonomic}
   size_t MarkStackSize                            = 4194304                                   {product} {ergonomic}
   size_t MaxHeapSize                              = 1314914304                                {product} {ergonomic}
   size_t MaxNewSize                               = 788529152                                 {product} {ergonomic}
   size_t MinHeapDeltaBytes                        = 1048576                                   {product} {ergonomic}
   size_t MinHeapSize                              = 8388608                                   {product} {ergonomic}
    uintx NonNMethodCodeHeapSize                   = 5826188                                {pd product} {ergonomic}
    uintx NonProfiledCodeHeapSize                  = 122916026                              {pd product} {ergonomic}
     bool PerfDisableSharedMem                     = true                                      {product} {ergonomic}
    uintx ProfiledCodeHeapSize                     = 122916026                              {pd product} {ergonomic}
    uintx ReservedCodeCacheSize                    = 251658240                              {pd product} {ergonomic}
     bool SegmentedCodeCache                       = true                                      {product} {ergonomic}
   size_t SoftMaxHeapSize                          = 1314914304                             {manageable} {ergonomic}
     bool UseCompressedClassPointers               = true                           {product lp64_product} {ergonomic}
     bool UseCompressedOops                        = true                           {product lp64_product} {ergonomic}
     bool UseG1GC                                  = true                                      {product} {ergonomic}
     bool UseLargePagesIndividualAllocation        = false                                  {pd product} {ergonomic}

Logging:
Log output configuration:
 #0: stdout all=warning uptime,level,tags foldmultilines=false
 #1: stderr all=off uptime,level,tags foldmultilines=false

Environment Variables:
JAVA_HOME=C:\Program Files\Java\jdk-19
PATH=C:\Program Files\Common Files\Oracle\Java\javapath;C:\Program Files (x86)\Common Files\Oracle\Java\javapath;C:\WINDOWS\system32;C:\WINDOWS;C:\WINDOWS\System32\Wbem;C:\WINDOWS\System32\WindowsPowerShell\v1.0\;C:\WINDOWS\System32\OpenSSH\;C:\Program Files\Git\cmd;C:\ProgramData\chocolatey\bin;C:\Program Files\nodejs\;C:\Program Files\MySQL\MySQL Shell 8.0\bin\;C:\Users\Familiar\AppData\Local\Microsoft\WindowsApps;C:\Users\Familiar\AppData\Local\Programs\Microsoft VS Code\bin;C:\Users\Familiar\AppData\Local\GitHubDesktop\bin;C:\Users\Familiar\AppData\Roaming\npm
USERNAME=Familiar
OS=Windows_NT
PROCESSOR_IDENTIFIER=Intel64 Family 6 Model 42 Stepping 7, GenuineIntel
TMP=C:\Users\Familiar\AppData\Local\Temp
TEMP=C:\Users\Familiar\AppData\Local\Temp



---------------  S Y S T E M  ---------------

OS:
 Windows 10 , 64 bit Build 19041 (10.0.19041.546)
OS uptime: 0 days 3:33 hours

CPU: total 2 (initial active 2) (2 cores per cpu, 1 threads per core) family 6 model 42 stepping 7 microcode 0x2f, cx8, cmov, fxsr, mmx, sse, sse2, sse3, ssse3, sse4.1, sse4.2, popcnt, tsc, tscinvbit, clmul, clflush, rdtscp

Memory: 4k page, system-wide physical 5008M (1102M free)
TotalPageFile size 7429M (AvailPageFile size 1280M)
current process WorkingSet (physical memory assigned to process): 244M, peak: 265M
current process commit charge ("private bytes"): 290M, peak: 300M

vm_info: Java HotSpot(TM) 64-Bit Server VM (19.0.1+10-21) for windows-amd64 JRE (19.0.1+10-21), built on 2022-09-14T12:45:06Z by "mach5one" with MS VC++ 17.1 (VS2022)

END.
